0 info it worked if it ends with ok
1 verbose cli [ 'C:\\Program Files\\nodejs\\node.exe',
1 verbose cli   'C:\\Program Files\\nodejs\\node_modules\\npm\\bin\\npm-cli.js',
1 verbose cli   'start' ]
2 info using npm@3.10.10
3 info using node@v6.11.3
4 verbose run-script [ 'prestart', 'start', 'poststart' ]
5 info lifecycle pharmacy-pos@1.0.0~prestart: pharmacy-pos@1.0.0
6 silly lifecycle pharmacy-pos@1.0.0~prestart: no script for prestart, continuing
7 info lifecycle pharmacy-pos@1.0.0~start: pharmacy-pos@1.0.0
8 verbose lifecycle pharmacy-pos@1.0.0~start: unsafe-perm in lifecycle true
9 verbose lifecycle pharmacy-pos@1.0.0~start: PATH: C:\Program Files\nodejs\node_modules\npm\bin\node-gyp-bin;C:\Users\MAGNUM\Desktop\mlab\pharmacy-pos\node_modules\.bin;C:\WINDOWS\system32;C:\WINDOWS;C:\WINDOWS\System32\Wbem;C:\WINDOWS\System32\WindowsPowerShell\v1.0\;C:\Program Files\Git\cmd;C:\Program Files\Git\mingw64\bin;C:\Program Files\Git\usr\bin;C:\Program Files\nodejs\;C:\Program Files\Git\;C:\Program Files\MongoDB\Server\3.6\bin\;C:\Users\MAGNUM\AppData\Local\Programs\Python\Python36-32\Scripts\;C:\Users\MAGNUM\AppData\Local\Programs\Python\Python36-32\;C:\Users\MAGNUM\AppData\Local\Microsoft\WindowsApps;C:\Users\MAGNUM\AppData\Roaming\npm;C:\Users\MAGNUM\AppData\Local\GitHubDesktop\bin;C:\Users\MAGNUM\AppData\Local\atom\bin
10 verbose lifecycle pharmacy-pos@1.0.0~start: CWD: C:\Users\MAGNUM\Desktop\mlab\pharmacy-pos
11 silly lifecycle pharmacy-pos@1.0.0~start: Args: [ '/d /s /c', 'nodemon app.js' ]
12 silly lifecycle pharmacy-pos@1.0.0~start: Returned: code: 3221225786  signal: null
13 info lifecycle pharmacy-pos@1.0.0~start: Failed to exec start script
14 verbose stack Error: pharmacy-pos@1.0.0 start: `nodemon app.js`
14 verbose stack Exit status 3221225786
14 verbose stack     at EventEmitter.<anonymous> (C:\Program Files\nodejs\node_modules\npm\lib\utils\lifecycle.js:255:16)
14 verbose stack     at emitTwo (events.js:106:13)
14 verbose stack     at EventEmitter.emit (events.js:191:7)
14 verbose stack     at ChildProcess.<anonymous> (C:\Program Files\nodejs\node_modules\npm\lib\utils\spawn.js:40:14)
14 verbose stack     at emitTwo (events.js:106:13)
14 verbose stack     at ChildProcess.emit (events.js:191:7)
14 verbose stack     at maybeClose (internal/child_process.js:920:16)
14 verbose stack     at Process.ChildProcess._handle.onexit (internal/child_process.js:230:5)
15 verbose pkgid pharmacy-pos@1.0.0
16 verbose cwd C:\Users\MAGNUM\Desktop\mlab\pharmacy-pos
17 error Windows_NT 10.0.16299
18 error argv "C:\\Program Files\\nodejs\\node.exe" "C:\\Program Files\\nodejs\\node_modules\\npm\\bin\\npm-cli.js" "start"
19 error node v6.11.3
20 error npm  v3.10.10
21 error code ELIFECYCLE
22 error pharmacy-pos@1.0.0 start: `nodemon app.js`
22 error Exit status 3221225786
23 error Failed at the pharmacy-pos@1.0.0 start script 'nodemon app.js'.
23 error Make sure you have the latest version of node.js and npm installed.
23 error If you do, this is most likely a problem with the pharmacy-pos package,
23 error not with npm itself.
23 error Tell the author that this fails on your system:
23 error     nodemon app.js
23 error You can get information on how to open an issue for this project with:
23 error     npm bugs pharmacy-pos
23 error Or if that isn't available, you can get their info via:
23 error     npm owner ls pharmacy-pos
23 error There is likely additional logging output above.
24 verbose exit [ 1, true ]
